# JRE version: OpenJDK Runtime Environment (11.0.10+9) (build 11.0.10+9-Ubuntu-0ubuntu1.18.04)
# Java VM: OpenJDK 64-Bit Server VM (11.0.10+9-Ubuntu-0ubuntu1.18.04, mixed mode, sharing, tiered, compressed oops, g1 gc, linux-amd64)
Heap:
 garbage-first heap   total 143360K, used 100888K [0x0000000707e00000, 0x0000000800000000)
  region size 1024K, 64 young (65536K), 3 survivors (3072K)
 Metaspace       used 68748K, capacity 71113K, committed 71212K, reserved 1110016K
  class space    used 9228K, capacity 10110K, committed 10112K, reserved 1048576K
GC Heap History (20 events):
Event: 15.824 GC heap before
{Heap before GC invocations=11 (full 0):
 garbage-first heap   total 310272K, used 195634K [0x0000000707e00000, 0x0000000800000000)
  region size 1024K, 181 young (185344K), 18 survivors (18432K)
 Metaspace       used 55126K, capacity 56985K, committed 57216K, reserved 1097728K
  class space    used 7504K, capacity 8231K, committed 8320K, reserved 1048576K
}
Event: 15.845 GC heap after
{Heap after GC invocations=12 (full 0):
 garbage-first heap   total 372736K, used 33168K [0x0000000707e00000, 0x0000000800000000)
  region size 1024K, 17 young (17408K), 17 survivors (17408K)
 Metaspace       used 55126K, capacity 56985K, committed 57216K, reserved 1097728K
  class space    used 7504K, capacity 8231K, committed 8320K, reserved 1048576K
}
Event: 16.469 GC heap before
{Heap before GC invocations=12 (full 0):
 garbage-first heap   total 372736K, used 155024K [0x0000000707e00000, 0x0000000800000000)
  region size 1024K, 137 young (140288K), 17 survivors (17408K)
 Metaspace       used 57832K, capacity 59769K, committed 59948K, reserved 1101824K
  class space    used 7821K, capacity 8556K, committed 8576K, reserved 1048576K
}
Event: 16.484 GC heap after
{Heap after GC invocations=13 (full 0):
 garbage-first heap   total 372736K, used 36552K [0x0000000707e00000, 0x0000000800000000)
  region size 1024K, 16 young (16384K), 16 survivors (16384K)
 Metaspace       used 57832K, capacity 59769K, committed 59948K, reserved 1101824K
  class space    used 7821K, capacity 8556K, committed 8576K, reserved 1048576K
}
Event: 17.229 GC heap before
{Heap before GC invocations=14 (full 0):
 garbage-first heap   total 372736K, used 247496K [0x0000000707e00000, 0x0000000800000000)
  region size 1024K, 218 young (223232K), 16 survivors (16384K)
 Metaspace       used 60485K, capacity 62522K, committed 62764K, reserved 1103872K
  class space    used 8183K, capacity 8999K, committed 9088K, reserved 1048576K
}
Event: 17.243 GC heap after
{Heap after GC invocations=15 (full 0):
 garbage-first heap   total 372736K, used 39722K [0x0000000707e00000, 0x0000000800000000)
  region size 1024K, 18 young (18432K), 18 survivors (18432K)
 Metaspace       used 60485K, capacity 62522K, committed 62764K, reserved 1103872K
  class space    used 8183K, capacity 8999K, committed 9088K, reserved 1048576K
}
Event: 100.677 GC heap before
{Heap before GC invocations=15 (full 0):
 garbage-first heap   total 372736K, used 244522K [0x0000000707e00000, 0x0000000800000000)
  region size 1024K, 218 young (223232K), 18 survivors (18432K)
 Metaspace       used 66462K, capacity 68625K, committed 68908K, reserved 1107968K
  class space    used 8955K, capacity 9793K, committed 9856K, reserved 1048576K
}
Event: 100.693 GC heap after
{Heap after GC invocations=16 (full 0):
 garbage-first heap   total 372736K, used 43354K [0x0000000707e00000, 0x0000000800000000)
  region size 1024K, 15 young (15360K), 15 survivors (15360K)
 Metaspace       used 66462K, capacity 68625K, committed 68908K, reserved 1107968K
  class space    used 8955K, capacity 9793K, committed 9856K, reserved 1048576K
}
Event: 348.375 GC heap before
{Heap before GC invocations=16 (full 0):
 garbage-first heap   total 372736K, used 251226K [0x0000000707e00000, 0x0000000800000000)
  region size 1024K, 218 young (223232K), 15 survivors (15360K)
 Metaspace       used 66463K, capacity 68625K, committed 68908K, reserved 1107968K
  class space    used 8955K, capacity 9793K, committed 9856K, reserved 1048576K
}
Event: 348.385 GC heap after
{Heap after GC invocations=17 (full 0):
 garbage-first heap   total 372736K, used 43354K [0x0000000707e00000, 0x0000000800000000)
  region size 1024K, 15 young (15360K), 15 survivors (15360K)
 Metaspace       used 66463K, capacity 68625K, committed 68908K, reserved 1107968K
  class space    used 8955K, capacity 9793K, committed 9856K, reserved 1048576K
}
Event: 518.092 GC heap before
{Heap before GC invocations=17 (full 0):
 garbage-first heap   total 372736K, used 251226K [0x0000000707e00000, 0x0000000800000000)
  region size 1024K, 218 young (223232K), 15 survivors (15360K)
 Metaspace       used 67990K, capacity 70274K, committed 70316K, reserved 1110016K
  class space    used 9126K, capacity 9979K, committed 9984K, reserved 1048576K
}
Event: 518.108 GC heap after
{Heap after GC invocations=18 (full 0):
 garbage-first heap   total 372736K, used 43706K [0x0000000707e00000, 0x0000000800000000)
  region size 1024K, 16 young (16384K), 16 survivors (16384K)
 Metaspace       used 67990K, capacity 70274K, committed 70316K, reserved 1110016K
  class space    used 9126K, capacity 9979K, committed 9984K, reserved 1048576K
}
Event: 765.454 GC heap before
{Heap before GC invocations=18 (full 0):
 garbage-first heap   total 372736K, used 250554K [0x0000000707e00000, 0x0000000800000000)
  region size 1024K, 218 young (223232K), 16 survivors (16384K)
 Metaspace       used 67990K, capacity 70274K, committed 70316K, reserved 1110016K
  class space    used 9126K, capacity 9979K, committed 9984K, reserved 1048576K
}
Event: 765.486 GC heap after
{Heap after GC invocations=19 (full 0):
 garbage-first heap   total 372736K, used 43862K [0x0000000707e00000, 0x0000000800000000)
  region size 1024K, 12 young (12288K), 12 survivors (12288K)
 Metaspace       used 67990K, capacity 70274K, committed 70316K, reserved 1110016K
  class space    used 9126K, capacity 9979K, committed 9984K, reserved 1048576K
}
Event: 1018.048 GC heap before
{Heap before GC invocations=19 (full 0):
 garbage-first heap   total 372736K, used 254806K [0x0000000707e00000, 0x0000000800000000)
  region size 1024K, 218 young (223232K), 12 survivors (12288K)
 Metaspace       used 67990K, capacity 70274K, committed 70316K, reserved 1110016K
  class space    used 9126K, capacity 9979K, committed 9984K, reserved 1048576K
}
Event: 1018.072 GC heap after
{Heap after GC invocations=20 (full 0):
 garbage-first heap   total 372736K, used 43313K [0x0000000707e00000, 0x0000000800000000)
  region size 1024K, 11 young (11264K), 11 survivors (11264K)
 Metaspace       used 67990K, capacity 70274K, committed 70316K, reserved 1110016K
  class space    used 9126K, capacity 9979K, committed 9984K, reserved 1048576K
}
Event: 1267.167 GC heap before
{Heap before GC invocations=20 (full 0):
 garbage-first heap   total 372736K, used 250161K [0x0000000707e00000, 0x0000000800000000)
  region size 1024K, 214 young (219136K), 11 survivors (11264K)
 Metaspace       used 68137K, capacity 70495K, committed 70700K, reserved 1110016K
  class space    used 9151K, capacity 10031K, committed 10112K, reserved 1048576K
}
Event: 1267.354 GC heap after
{Heap after GC invocations=21 (full 1):
 garbage-first heap   total 143360K, used 37539K [0x0000000707e00000, 0x0000000800000000)
  region size 1024K, 0 young (0K), 0 survivors (0K)
 Metaspace       used 68133K, capacity 70489K, committed 70700K, reserved 1110016K
  class space    used 9151K, capacity 10030K, committed 10112K, reserved 1048576K
}
Event: 1271.239 GC heap before
{Heap before GC invocations=21 (full 1):
 garbage-first heap   total 143360K, used 119459K [0x0000000707e00000, 0x0000000800000000)
  region size 1024K, 81 young (82944K), 0 survivors (0K)
 Metaspace       used 68698K, capacity 71043K, committed 71212K, reserved 1110016K
  class space    used 9223K, capacity 10108K, committed 10112K, reserved 1048576K
}
Event: 1271.245 GC heap after
{Heap after GC invocations=22 (full 1):
 garbage-first heap   total 143360K, used 40472K [0x0000000707e00000, 0x0000000800000000)
  region size 1024K, 3 young (3072K), 3 survivors (3072K)
 Metaspace       used 68698K, capacity 71043K, committed 71212K, reserved 1110016K
  class space    used 9223K, capacity 10108K, committed 10112K, reserved 1048576K
}

